<?xml version="1.0" encoding="UTF-8"?><testsuite errors="1" failures="0" name="moodle.tests.CalendarTest" skipped="0" tests="1" time="16.28" timestamp="2020-01-23 07:15:01"><testcase classname="moodle.tests.CalendarTest" name="Add new calendar event test"><error message="no such element: Unable to locate element: {&quot;method&quot;:&quot;css selector&quot;,&quot;selector&quot;:&quot;#yui_3_17_2_1_1579803165095_2351 &gt; i&quot;}&#10;  (Session info: chrome=79.0.3945.130)&#10;For documentation on this error, please visit: https://www.seleniumhq.org/exceptions/no_such_element.html&#10;Build info: version: '3.141.59', revision: 'e82be7d358', time: '2018-11-14T08:17:03'&#10;System info: host: 'LAPTOP-BRKSVGF4', ip: '192.168.1.5', os.name: 'Windows 10', os.arch: 'amd64', os.version: '10.0', java.version: '11.0.2'&#10;Driver info: org.openqa.selenium.chrome.ChromeDriver&#10;Capabilities {acceptInsecureCerts: false, browserName: chrome, browserVersion: 79.0.3945.130, chrome: {chromedriverVersion: 78.0.3904.105 (60e2d8774a81..., userDataDir: C:\Users\hexter\AppData\Loc...}, goog:chromeOptions: {debuggerAddress: localhost:62202}, javascriptEnabled: true, networkConnectionEnabled: false, pageLoadStrategy: normal, platform: XP, platformName: XP, proxy: Proxy(), setWindowRect: true, strictFileInteractability: false, timeouts: {implicit: 0, pageLoad: 300000, script: 30000}, unhandledPromptBehavior: dismiss and notify}&#10;Session ID: 266e4c2ba05a36e250937c037ccc62be&#10;*** Element info: {Using=css selector, value=#yui_3_17_2_1_1579803165095_2351 &gt; i}" type="org.openqa.selenium.NoSuchElementException">no such element: Unable to locate element: {"method":"css selector","selector":"#yui_3_17_2_1_1579803165095_2351 &gt; i"}
  (Session info: chrome=79.0.3945.130)
For documentation on this error, please visit: https://www.seleniumhq.org/exceptions/no_such_element.html
Build info: version: '3.141.59', revision: 'e82be7d358', time: '2018-11-14T08:17:03'
System info: host: 'LAPTOP-BRKSVGF4', ip: '192.168.1.5', os.name: 'Windows 10', os.arch: 'amd64', os.version: '10.0', java.version: '11.0.2'
Driver info: org.openqa.selenium.chrome.ChromeDriver
Capabilities {acceptInsecureCerts: false, browserName: chrome, browserVersion: 79.0.3945.130, chrome: {chromedriverVersion: 78.0.3904.105 (60e2d8774a81..., userDataDir: C:\Users\hexter\AppData\Loc...}, goog:chromeOptions: {debuggerAddress: localhost:62202}, javascriptEnabled: true, networkConnectionEnabled: false, pageLoadStrategy: normal, platform: XP, platformName: XP, proxy: Proxy(), setWindowRect: true, strictFileInteractability: false, timeouts: {implicit: 0, pageLoad: 300000, script: 30000}, unhandledPromptBehavior: dismiss and notify}
Session ID: 266e4c2ba05a36e250937c037ccc62be
*** Element info: {Using=css selector, value=#yui_3_17_2_1_1579803165095_2351 &gt; i}</error><system-err>no such element: Unable to locate element: {"method":"css selector","selector":"#yui_3_17_2_1_1579803165095_2351 &gt; i"}
  (Session info: chrome=79.0.3945.130)
For documentation on this error, please visit: https://www.seleniumhq.org/exceptions/no_such_element.html
Build info: version: '3.141.59', revision: 'e82be7d358', time: '2018-11-14T08:17:03'
System info: host: 'LAPTOP-BRKSVGF4', ip: '192.168.1.5', os.name: 'Windows 10', os.arch: 'amd64', os.version: '10.0', java.version: '11.0.2'
Driver info: org.openqa.selenium.chrome.ChromeDriver
Capabilities {acceptInsecureCerts: false, browserName: chrome, browserVersion: 79.0.3945.130, chrome: {chromedriverVersion: 78.0.3904.105 (60e2d8774a81..., userDataDir: C:\Users\hexter\AppData\Loc...}, goog:chromeOptions: {debuggerAddress: localhost:62202}, javascriptEnabled: true, networkConnectionEnabled: false, pageLoadStrategy: normal, platform: XP, platformName: XP, proxy: Proxy(), setWindowRect: true, strictFileInteractability: false, timeouts: {implicit: 0, pageLoad: 300000, script: 30000}, unhandledPromptBehavior: dismiss and notify}
Session ID: 266e4c2ba05a36e250937c037ccc62be
*** Element info: {Using=css selector, value=#yui_3_17_2_1_1579803165095_2351 &gt; i}&#13;
moodle.tests.CalendarTest.addNewCalendarEventTest(CalendarTest.java:49)&#13;
</system-err></testcase></testsuite>