<?xml version="1.0" encoding="UTF-8"?><testsuite errors="1" failures="0" name="moodle.tests.ForumTests" skipped="0" tests="2" time="23.26" timestamp="2020-01-23 10:52:47"><testcase classname="moodle.tests.ForumTests" name="Add new discussion forum topic"><error message="no such element: Unable to locate element: {&quot;method&quot;:&quot;xpath&quot;,&quot;selector&quot;:&quot;/html/body/div[5]/div[2]/div/div/section/div[2]/div/div[1]/a&quot;}&#10;  (Session info: chrome=79.0.3945.130)&#10;For documentation on this error, please visit: https://www.seleniumhq.org/exceptions/no_such_element.html&#10;Build info: version: '3.141.59', revision: 'e82be7d358', time: '2018-11-14T08:17:03'&#10;System info: host: 'LAPTOP-BRKSVGF4', ip: '192.168.1.5', os.name: 'Windows 10', os.arch: 'amd64', os.version: '10.0', java.version: '11.0.2'&#10;Driver info: org.openqa.selenium.chrome.ChromeDriver&#10;Capabilities {acceptInsecureCerts: false, browserName: chrome, browserVersion: 79.0.3945.130, chrome: {chromedriverVersion: 78.0.3904.105 (60e2d8774a81..., userDataDir: C:\Users\hexter\AppData\Loc...}, goog:chromeOptions: {debuggerAddress: localhost:52527}, javascriptEnabled: true, networkConnectionEnabled: false, pageLoadStrategy: normal, platform: XP, platformName: XP, proxy: Proxy(), setWindowRect: true, strictFileInteractability: false, timeouts: {implicit: 0, pageLoad: 300000, script: 30000}, unhandledPromptBehavior: dismiss and notify}&#10;Session ID: 36810f79938f1c4e02180d391e6b4870&#10;*** Element info: {Using=xpath, value=/html/body/div[5]/div[2]/div/div/section/div[2]/div/div[1]/a}" type="org.openqa.selenium.NoSuchElementException">no such element: Unable to locate element: {"method":"xpath","selector":"/html/body/div[5]/div[2]/div/div/section/div[2]/div/div[1]/a"}
  (Session info: chrome=79.0.3945.130)
For documentation on this error, please visit: https://www.seleniumhq.org/exceptions/no_such_element.html
Build info: version: '3.141.59', revision: 'e82be7d358', time: '2018-11-14T08:17:03'
System info: host: 'LAPTOP-BRKSVGF4', ip: '192.168.1.5', os.name: 'Windows 10', os.arch: 'amd64', os.version: '10.0', java.version: '11.0.2'
Driver info: org.openqa.selenium.chrome.ChromeDriver
Capabilities {acceptInsecureCerts: false, browserName: chrome, browserVersion: 79.0.3945.130, chrome: {chromedriverVersion: 78.0.3904.105 (60e2d8774a81..., userDataDir: C:\Users\hexter\AppData\Loc...}, goog:chromeOptions: {debuggerAddress: localhost:52527}, javascriptEnabled: true, networkConnectionEnabled: false, pageLoadStrategy: normal, platform: XP, platformName: XP, proxy: Proxy(), setWindowRect: true, strictFileInteractability: false, timeouts: {implicit: 0, pageLoad: 300000, script: 30000}, unhandledPromptBehavior: dismiss and notify}
Session ID: 36810f79938f1c4e02180d391e6b4870
*** Element info: {Using=xpath, value=/html/body/div[5]/div[2]/div/div/section/div[2]/div/div[1]/a}</error><system-err>no such element: Unable to locate element: {"method":"xpath","selector":"/html/body/div[5]/div[2]/div/div/section/div[2]/div/div[1]/a"}
  (Session info: chrome=79.0.3945.130)
For documentation on this error, please visit: https://www.seleniumhq.org/exceptions/no_such_element.html
Build info: version: '3.141.59', revision: 'e82be7d358', time: '2018-11-14T08:17:03'
System info: host: 'LAPTOP-BRKSVGF4', ip: '192.168.1.5', os.name: 'Windows 10', os.arch: 'amd64', os.version: '10.0', java.version: '11.0.2'
Driver info: org.openqa.selenium.chrome.ChromeDriver
Capabilities {acceptInsecureCerts: false, browserName: chrome, browserVersion: 79.0.3945.130, chrome: {chromedriverVersion: 78.0.3904.105 (60e2d8774a81..., userDataDir: C:\Users\hexter\AppData\Loc...}, goog:chromeOptions: {debuggerAddress: localhost:52527}, javascriptEnabled: true, networkConnectionEnabled: false, pageLoadStrategy: normal, platform: XP, platformName: XP, proxy: Proxy(), setWindowRect: true, strictFileInteractability: false, timeouts: {implicit: 0, pageLoad: 300000, script: 30000}, unhandledPromptBehavior: dismiss and notify}
Session ID: 36810f79938f1c4e02180d391e6b4870
*** Element info: {Using=xpath, value=/html/body/div[5]/div[2]/div/div/section/div[2]/div/div[1]/a}&#13;
moodle.tests.ForumTests.addNewDiscussionForumTopic(ForumTests.java:80)&#13;
</system-err></testcase><testcase classname="moodle.tests.ForumTests" name="Create course new forum test"/></testsuite>